{"C:\\Users\\ooeel\\Desktop\\dev\\dev\\ssbb\\src\\services\\slices\\burger.ts": {"path":"C:\\Users\\ooeel\\Desktop\\dev\\dev\\ssbb\\src\\services\\slices\\burger.ts","statementMap":{"0":{"start":{"line":2,"column":0},"end":{"line":2,"column":62}},"1":{"start":{"line":9,"column":35},"end":{"line":12,"column":2}},"2":{"start":{"line":14,"column":13},"end":{"line":58,"column":3}},"3":{"start":{"line":19,"column":6},"end":{"line":19,"column":23}},"4":{"start":{"line":20,"column":6},"end":{"line":20,"column":29}},"5":{"start":{"line":23,"column":32},"end":{"line":23,"column":73}},"6":{"start":{"line":24,"column":8},"end":{"line":28,"column":9}},"7":{"start":{"line":25,"column":10},"end":{"line":25,"column":30}},"8":{"start":{"line":27,"column":10},"end":{"line":27,"column":42}},"9":{"start":{"line":30,"column":44},"end":{"line":35,"column":null}},"10":{"start":{"line":37,"column":39},"end":{"line":37,"column":64}},"11":{"start":{"line":38,"column":6},"end":{"line":40,"column":8}},"12":{"start":{"line":39,"column":19},"end":{"line":39,"column":null}},"13":{"start":{"line":45,"column":8},"end":{"line":45,"column":19}},"14":{"start":{"line":45,"column":27},"end":{"line":45,"column":29}},"15":{"start":{"line":45,"column":38},"end":{"line":45,"column":40}},"16":{"start":{"line":48,"column":6},"end":{"line":51,"column":null}},"17":{"start":{"line":56,"column":37},"end":{"line":56,"column":null}},"18":{"start":{"line":60,"column":22},"end":{"line":60,"column":41}},"19":{"start":{"line":62,"column":15},"end":{"line":62,"column":62}},"20":{"start":{"line":64,"column":2},"end":{"line":67,"column":null}},"21":{"start":{"line":70,"column":0},"end":{"line":70,"column":29}}},"fnMap":{"0":{"name":"(anonymous_3)","decl":{"start":{"line":18,"column":22},"end":{"line":18,"column":23}},"loc":{"start":{"line":18,"column":28},"end":{"line":21,"column":5}}},"1":{"name":"(anonymous_4)","decl":{"start":{"line":23,"column":15},"end":{"line":23,"column":16}},"loc":{"start":{"line":23,"column":73},"end":{"line":29,"column":7}}},"2":{"name":"(anonymous_5)","decl":{"start":{"line":30,"column":15},"end":{"line":30,"column":16}},"loc":{"start":{"line":30,"column":39},"end":{"line":30,"column":45}}},"3":{"name":"(anonymous_6)","decl":{"start":{"line":37,"column":22},"end":{"line":37,"column":23}},"loc":{"start":{"line":37,"column":64},"end":{"line":41,"column":5}}},"4":{"name":"(anonymous_7)","decl":{"start":{"line":39,"column":8},"end":{"line":39,"column":9}},"loc":{"start":{"line":39,"column":14},"end":{"line":39,"column":24}}},"5":{"name":"(anonymous_8)","decl":{"start":{"line":42,"column":20},"end":{"line":42,"column":null}},"loc":{"start":{"line":46,"column":63},"end":{"line":53,"column":5}}},"6":{"name":"(anonymous_9)","decl":{"start":{"line":56,"column":26},"end":{"line":56,"column":27}},"loc":{"start":{"line":56,"column":32},"end":{"line":56,"column":42}}}},"branchMap":{"0":{"loc":{"start":{"line":24,"column":8},"end":{"line":28,"column":9}},"type":"if","locations":[{"start":{"line":24,"column":8},"end":{"line":28,"column":9}},{"start":{"line":26,"column":15},"end":{"line":28,"column":9}}]}},"s":{"0":1,"1":1,"2":1,"3":1,"4":1,"5":2,"6":2,"7":1,"8":1,"9":2,"10":1,"11":1,"12":1,"13":1,"14":1,"15":1,"16":1,"17":1,"18":1,"19":1,"20":1,"21":1},"f":{"0":1,"1":2,"2":2,"3":1,"4":1,"5":1,"6":1},"b":{"0":[1,1]}}
}
