TN:
SF:src\services\slices\burger.ts
FN:18,(anonymous_3)
FN:23,(anonymous_4)
FN:30,(anonymous_5)
FN:37,(anonymous_6)
FN:39,(anonymous_7)
FN:42,(anonymous_8)
FN:56,(anonymous_9)
FNF:7
FNH:7
FNDA:1,(anonymous_3)
FNDA:2,(anonymous_4)
FNDA:2,(anonymous_5)
FNDA:1,(anonymous_6)
FNDA:1,(anonymous_7)
FNDA:1,(anonymous_8)
FNDA:1,(anonymous_9)
DA:2,1
DA:9,1
DA:14,1
DA:19,1
DA:20,1
DA:23,2
DA:24,2
DA:25,1
DA:27,1
DA:30,2
DA:37,1
DA:38,1
DA:39,1
DA:45,1
DA:48,1
DA:56,1
DA:60,1
DA:62,1
DA:64,1
DA:70,1
LF:20
LH:20
BRDA:24,0,0,1
BRDA:24,0,1,1
BRF:2
BRH:2
end_of_record
TN:
SF:src\services\slices\feeds.ts
FN:24,(anonymous_13)
FN:36,(anonymous_16)
FN:50,(anonymous_19)
FN:52,(anonymous_20)
FN:56,(anonymous_21)
FN:62,(anonymous_22)
FN:69,(anonymous_23)
FN:73,(anonymous_24)
FN:76,(anonymous_25)
FN:85,(anonymous_26)
FN:86,(anonymous_27)
FN:87,(anonymous_28)
FN:88,(anonymous_29)
FN:89,(anonymous_30)
FN:90,(anonymous_31)
FN:91,(anonymous_32)
FN:93,(anonymous_33)
FN:94,(anonymous_34)
FN:96,(anonymous_35)
FN:98,(anonymous_36)
FN:99,(anonymous_37)
FNF:21
FNH:7
FNDA:0,(anonymous_13)
FNDA:0,(anonymous_16)
FNDA:2,(anonymous_19)
FNDA:1,(anonymous_20)
FNDA:1,(anonymous_21)
FNDA:2,(anonymous_22)
FNDA:1,(anonymous_23)
FNDA:1,(anonymous_24)
FNDA:2,(anonymous_25)
FNDA:0,(anonymous_26)
FNDA:0,(anonymous_27)
FNDA:0,(anonymous_28)
FNDA:0,(anonymous_29)
FNDA:0,(anonymous_30)
FNDA:0,(anonymous_31)
FNDA:0,(anonymous_32)
FNDA:0,(anonymous_33)
FNDA:0,(anonymous_34)
FNDA:0,(anonymous_35)
FNDA:0,(anonymous_36)
FNDA:0,(anonymous_37)
DA:1,2
DA:2,2
DA:14,2
DA:22,2
DA:24,0
DA:26,0
DA:27,0
DA:29,0
DA:34,2
DA:36,0
DA:38,0
DA:39,0
DA:41,0
DA:46,2
DA:51,2
DA:53,1
DA:54,1
DA:57,1
DA:58,1
DA:59,1
DA:60,1
DA:63,2
DA:64,2
DA:70,1
DA:71,1
DA:74,1
DA:77,2
DA:78,2
DA:85,0
DA:86,0
DA:87,0
DA:88,0
DA:89,0
DA:90,0
DA:92,0
DA:93,0
DA:94,0
DA:97,0
DA:98,0
DA:99,0
DA:105,2
DA:115,2
LF:42
LH:22
BRDA:65,0,0,0
BRDA:65,0,1,2
BRDA:67,1,0,2
BRDA:67,1,1,0
BRDA:67,2,0,0
BRDA:67,2,1,2
BRDA:67,3,0,2
BRDA:67,3,1,2
BRDA:79,4,0,0
BRDA:79,4,1,2
BRDA:81,5,0,2
BRDA:81,5,1,0
BRDA:81,6,0,0
BRDA:81,6,1,2
BRDA:81,7,0,2
BRDA:81,7,1,2
BRF:16
BRH:10
end_of_record
TN:
SF:src\services\slices\ingredients.ts
FN:19,(anonymous_13)
FN:27,(anonymous_16)
FN:28,(anonymous_17)
FN:29,(anonymous_18)
FN:30,(anonymous_19)
FN:32,(anonymous_20)
FN:34,(anonymous_21)
FN:38,(anonymous_22)
FN:42,(anonymous_23)
FNF:9
FNH:9
FNDA:4,(anonymous_13)
FNDA:1,(anonymous_16)
FNDA:1,(anonymous_17)
FNDA:1,(anonymous_18)
FNDA:1,(anonymous_19)
FNDA:1,(anonymous_20)
FNDA:2,(anonymous_21)
FNDA:2,(anonymous_22)
FNDA:1,(anonymous_23)
DA:1,1
DA:3,1
DA:11,1
DA:17,1
DA:19,2
DA:22,1
DA:27,1
DA:28,1
DA:30,1
DA:33,1
DA:35,2
DA:36,2
DA:39,2
DA:40,2
DA:43,1
DA:44,1
DA:49,1
DA:52,1
DA:54,1
LF:19
LH:19
BRDA:19,0,0,1
BRDA:19,0,1,1
BRDA:44,1,0,1
BRDA:44,1,1,0
BRF:4
BRH:3
end_of_record
TN:
SF:src\services\slices\order.ts
FN:21,(anonymous_13)
FN:33,(anonymous_16)
FN:45,(anonymous_19)
FN:59,(anonymous_22)
FN:64,(anonymous_23)
FN:68,(anonymous_24)
FN:70,(anonymous_25)
FN:74,(anonymous_26)
FN:78,(anonymous_27)
FN:82,(anonymous_28)
FN:86,(anonymous_29)
FN:90,(anonymous_30)
FN:94,(anonymous_31)
FN:98,(anonymous_32)
FN:102,(anonymous_33)
FN:113,(anonymous_34)
FN:114,(anonymous_35)
FNF:17
FNH:17
FNDA:2,(anonymous_13)
FNDA:2,(anonymous_16)
FNDA:2,(anonymous_19)
FNDA:1,(anonymous_22)
FNDA:1,(anonymous_23)
FNDA:1,(anonymous_24)
FNDA:3,(anonymous_25)
FNDA:1,(anonymous_26)
FNDA:1,(anonymous_27)
FNDA:3,(anonymous_28)
FNDA:1,(anonymous_29)
FNDA:1,(anonymous_30)
FNDA:3,(anonymous_31)
FNDA:1,(anonymous_32)
FNDA:1,(anonymous_33)
FNDA:1,(anonymous_34)
FNDA:1,(anonymous_35)
DA:1,1
DA:2,1
DA:12,1
DA:19,1
DA:21,2
DA:23,2
DA:24,1
DA:26,1
DA:31,1
DA:33,2
DA:35,2
DA:36,1
DA:38,1
DA:43,1
DA:45,2
DA:47,2
DA:48,1
DA:50,1
DA:55,1
DA:60,1
DA:61,1
DA:62,1
DA:65,1
DA:69,1
DA:71,3
DA:72,3
DA:75,1
DA:76,1
DA:79,1
DA:80,1
DA:83,3
DA:84,3
DA:87,1
DA:88,1
DA:91,1
DA:92,1
DA:95,3
DA:96,3
DA:99,1
DA:100,1
DA:103,1
DA:104,1
DA:109,1
DA:110,1
DA:113,1
DA:114,1
DA:115,1
LF:47
LH:47
BRF:0
BRH:0
end_of_record
TN:
SF:src\services\slices\user.ts
FN:33,(anonymous_13)
FN:47,(anonymous_16)
FN:61,(anonymous_19)
FN:73,(anonymous_22)
FN:86,(anonymous_25)
FN:104,(anonymous_28)
FN:107,(anonymous_29)
FN:110,(anonymous_30)
FN:115,(anonymous_31)
FN:118,(anonymous_32)
FN:122,(anonymous_33)
FN:127,(anonymous_34)
FN:133,(anonymous_35)
FN:137,(anonymous_36)
FN:142,(anonymous_37)
FN:148,(anonymous_38)
FN:152,(anonymous_39)
FN:156,(anonymous_40)
FN:162,(anonymous_41)
FN:166,(anonymous_42)
FN:171,(anonymous_43)
FN:175,(anonymous_44)
FN:178,(anonymous_45)
FN:184,(anonymous_46)
FN:192,(anonymous_47)
FN:193,(anonymous_48)
FN:194,(anonymous_49)
FN:195,(anonymous_50)
FN:196,(anonymous_51)
FNF:29
FNH:15
FNDA:2,(anonymous_13)
FNDA:0,(anonymous_16)
FNDA:1,(anonymous_19)
FNDA:1,(anonymous_22)
FNDA:2,(anonymous_25)
FNDA:0,(anonymous_28)
FNDA:0,(anonymous_29)
FNDA:2,(anonymous_30)
FNDA:1,(anonymous_31)
FNDA:2,(anonymous_32)
FNDA:1,(anonymous_33)
FNDA:1,(anonymous_34)
FNDA:0,(anonymous_35)
FNDA:0,(anonymous_36)
FNDA:0,(anonymous_37)
FNDA:1,(anonymous_38)
FNDA:1,(anonymous_39)
FNDA:0,(anonymous_40)
FNDA:1,(anonymous_41)
FNDA:1,(anonymous_42)
FNDA:0,(anonymous_43)
FNDA:2,(anonymous_44)
FNDA:2,(anonymous_45)
FNDA:0,(anonymous_46)
FNDA:0,(anonymous_47)
FNDA:0,(anonymous_48)
FNDA:0,(anonymous_49)
FNDA:0,(anonymous_50)
FNDA:0,(anonymous_51)
DA:1,1
DA:3,1
DA:12,1
DA:22,1
DA:31,1
DA:33,2
DA:35,2
DA:36,1
DA:37,1
DA:38,1
DA:40,1
DA:45,1
DA:47,0
DA:49,0
DA:50,0
DA:51,0
DA:52,0
DA:54,0
DA:59,1
DA:61,1
DA:63,1
DA:64,1
DA:66,0
DA:71,1
DA:73,1
DA:75,2
DA:76,1
DA:77,1
DA:79,0
DA:84,1
DA:86,2
DA:89,2
DA:90,1
DA:93,1
DA:94,1
DA:95,1
DA:100,1
DA:105,0
DA:108,0
DA:111,2
DA:112,2
DA:116,1
DA:119,2
DA:120,2
DA:123,1
DA:124,1
DA:125,1
DA:128,1
DA:129,1
DA:134,0
DA:135,0
DA:138,0
DA:139,0
DA:140,0
DA:143,0
DA:144,0
DA:149,1
DA:150,1
DA:153,1
DA:154,1
DA:157,0
DA:158,0
DA:163,1
DA:164,1
DA:167,1
DA:168,1
DA:169,1
DA:172,0
DA:173,0
DA:176,2
DA:179,2
DA:180,2
DA:181,2
DA:182,2
DA:185,0
DA:186,0
DA:187,0
DA:188,0
DA:192,0
DA:193,0
DA:194,0
DA:195,0
DA:196,0
DA:201,1
DA:203,1
DA:210,1
DA:211,1
LF:87
LH:57
BRF:0
BRH:0
end_of_record
TN:
SF:src\utils\burger-api.ts
FN:6,(anonymous_13)
FN:7,(anonymous_14)
FN:18,(anonymous_15)
FN:28,(anonymous_16)
FN:29,(anonymous_17)
FN:38,(anonymous_18)
FN:40,(anonymous_19)
FN:74,(anonymous_21)
FN:76,(anonymous_22)
FN:77,(anonymous_23)
FN:82,(anonymous_24)
FN:84,(anonymous_25)
FN:85,(anonymous_26)
FN:90,(anonymous_27)
FN:97,(anonymous_28)
FN:107,(anonymous_29)
FN:117,(anonymous_30)
FN:126,(anonymous_31)
FN:132,(anonymous_32)
FN:146,(anonymous_33)
FN:154,(anonymous_34)
FN:155,(anonymous_35)
FN:165,(anonymous_36)
FN:173,(anonymous_37)
FN:174,(anonymous_38)
FN:179,(anonymous_39)
FN:187,(anonymous_40)
FN:188,(anonymous_41)
FN:193,(anonymous_42)
FN:201,(anonymous_43)
FN:202,(anonymous_44)
FN:209,(anonymous_45)
FN:216,(anonymous_46)
FN:226,(anonymous_47)
FN:235,(anonymous_48)
FNF:35
FNH:0
FNDA:0,(anonymous_13)
FNDA:0,(anonymous_14)
FNDA:0,(anonymous_15)
FNDA:0,(anonymous_16)
FNDA:0,(anonymous_17)
FNDA:0,(anonymous_18)
FNDA:0,(anonymous_19)
FNDA:0,(anonymous_21)
FNDA:0,(anonymous_22)
FNDA:0,(anonymous_23)
FNDA:0,(anonymous_24)
FNDA:0,(anonymous_25)
FNDA:0,(anonymous_26)
FNDA:0,(anonymous_27)
FNDA:0,(anonymous_28)
FNDA:0,(anonymous_29)
FNDA:0,(anonymous_30)
FNDA:0,(anonymous_31)
FNDA:0,(anonymous_32)
FNDA:0,(anonymous_33)
FNDA:0,(anonymous_34)
FNDA:0,(anonymous_35)
FNDA:0,(anonymous_36)
FNDA:0,(anonymous_37)
FNDA:0,(anonymous_38)
FNDA:0,(anonymous_39)
FNDA:0,(anonymous_40)
FNDA:0,(anonymous_41)
FNDA:0,(anonymous_42)
FNDA:0,(anonymous_43)
FNDA:0,(anonymous_44)
FNDA:0,(anonymous_45)
FNDA:0,(anonymous_46)
FNDA:0,(anonymous_47)
FNDA:0,(anonymous_48)
DA:1,1
DA:4,1
DA:6,1
DA:7,0
DA:18,1
DA:19,0
DA:28,0
DA:30,0
DA:31,0
DA:33,0
DA:34,0
DA:35,0
DA:38,1
DA:40,0
DA:43,0
DA:44,0
DA:46,0
DA:47,0
DA:48,0
DA:49,0
DA:52,0
DA:53,0
DA:55,0
DA:74,1
DA:75,0
DA:76,0
DA:78,0
DA:79,0
DA:82,1
DA:83,0
DA:84,0
DA:86,0
DA:87,0
DA:90,1
DA:91,0
DA:98,0
DA:99,0
DA:107,1
DA:108,0
DA:118,0
DA:119,0
DA:126,1
DA:127,0
DA:132,0
DA:146,1
DA:147,0
DA:154,0
DA:156,0
DA:157,0
DA:165,1
DA:166,0
DA:173,0
DA:175,0
DA:176,0
DA:179,1
DA:180,0
DA:187,0
DA:189,0
DA:190,0
DA:193,1
DA:194,0
DA:201,0
DA:203,0
DA:204,0
DA:209,1
DA:210,0
DA:216,1
DA:217,0
DA:226,1
DA:227,0
DA:235,0
LF:71
LH:17
BRDA:7,0,0,0
BRDA:7,0,1,0
BRDA:30,1,0,0
BRDA:44,2,0,0
BRDA:44,2,1,0
BRDA:44,2,2,0
BRDA:46,3,0,0
BRDA:48,4,0,0
BRDA:78,5,0,0
BRDA:78,6,0,0
BRDA:78,6,1,0
BRDA:78,7,0,0
BRDA:78,7,1,0
BRDA:86,8,0,0
BRDA:86,9,0,0
BRDA:86,9,1,0
BRDA:86,10,0,0
BRDA:86,10,1,0
BRDA:98,11,0,0
BRDA:98,12,0,0
BRDA:98,12,1,0
BRDA:98,13,0,0
BRDA:98,13,1,0
BRDA:118,14,0,0
BRDA:118,15,0,0
BRDA:118,15,1,0
BRDA:118,16,0,0
BRDA:118,16,1,0
BRDA:156,17,0,0
BRDA:156,18,0,0
BRDA:156,18,1,0
BRDA:156,19,0,0
BRDA:156,19,1,0
BRDA:175,20,0,0
BRDA:175,21,0,0
BRDA:175,21,1,0
BRDA:175,22,0,0
BRDA:175,22,1,0
BRDA:189,23,0,0
BRDA:189,24,0,0
BRDA:189,24,1,0
BRDA:189,25,0,0
BRDA:189,25,1,0
BRDA:203,26,0,0
BRDA:203,27,0,0
BRDA:203,27,1,0
BRDA:203,28,0,0
BRDA:203,28,1,0
BRF:48
BRH:0
end_of_record
TN:
SF:src\utils\cookie.ts
FN:1,getCookie
FN:13,setCookie
FN:45,deleteCookie
FNF:3
FNH:0
FNDA:0,getCookie
FNDA:0,setCookie
FNDA:0,deleteCookie
DA:1,1
DA:2,0
DA:10,0
DA:13,1
DA:16,0
DA:18,0
DA:23,0
DA:24,0
DA:25,0
DA:26,0
DA:27,0
DA:30,0
DA:31,0
DA:33,0
DA:34,0
DA:35,0
DA:36,0
DA:37,0
DA:38,0
DA:39,0
DA:42,0
DA:45,1
DA:46,0
LF:23
LH:3
BRDA:10,0,0,0
BRDA:10,0,1,0
BRDA:16,1,0,0
BRDA:24,2,0,0
BRDA:24,3,0,0
BRDA:24,3,1,0
BRDA:30,4,0,0
BRDA:30,5,0,0
BRDA:30,5,1,0
BRDA:38,6,0,0
BRF:10
BRH:0
end_of_record
